<?xml version="1.0" encoding="UTF-8"?>
<testng-results ignored="0" total="1" passed="1" failed="0" skipped="0">
  <reporter-output>
  </reporter-output>
  <suite started-at="2022-07-27T01:45:20 IST" name="Default suite" finished-at="2022-07-27T01:46:43 IST" duration-ms="82554">
    <groups>
    </groups>
    <test started-at="2022-07-27T01:45:20 IST" name="Default test" finished-at="2022-07-27T01:46:43 IST" duration-ms="82554">
      <class name="com.gtplBank.testCases.TC_Login_Test_001">
        <test-method is-config="true" signature="setUp()[pri:0, instance:com.gtplBank.testCases.TC_Login_Test_001@1ddf84b8]" started-at="2022-07-27T01:45:20 IST" name="setUp" finished-at="2022-07-27T01:45:25 IST" duration-ms="5240" status="PASS">
          <reporter-output>
          </reporter-output>
        </test-method> <!-- setUp -->
        <test-method signature="loginTest()[pri:0, instance:com.gtplBank.testCases.TC_Login_Test_001@1ddf84b8]" started-at="2022-07-27T01:45:25 IST" name="loginTest" finished-at="2022-07-27T01:46:42 IST" duration-ms="76119" status="PASS">
          <reporter-output>
          </reporter-output>
        </test-method> <!-- loginTest -->
        <test-method is-config="true" signature="tearDown()[pri:0, instance:com.gtplBank.testCases.TC_Login_Test_001@1ddf84b8]" started-at="2022-07-27T01:46:42 IST" name="tearDown" finished-at="2022-07-27T01:46:43 IST" duration-ms="1032" status="PASS">
          <reporter-output>
          </reporter-output>
        </test-method> <!-- tearDown -->
      </class> <!-- com.gtplBank.testCases.TC_Login_Test_001 -->
    </test> <!-- Default test -->
  </suite> <!-- Default suite -->
</testng-results>
